  main.cpp
C:\Users\Jake\Documents\Visual Studio 2022\Projects\Pacman\Pacman\main.cpp(139,28): warning C4305: 'argument': truncation from 'double' to 'GLfloat'
C:\Users\Jake\Documents\Visual Studio 2022\Projects\Pacman\Pacman\main.cpp(140,27): warning C4305: 'argument': truncation from 'double' to 'GLfloat'
C:\Users\Jake\Documents\Visual Studio 2022\Projects\Pacman\Pacman\main.cpp(148,32): warning C4305: 'initializing': truncation from 'double' to 'float'
C:\Users\Jake\Documents\Visual Studio 2022\Projects\Pacman\Pacman\main.cpp(160,25): warning C4244: 'argument': conversion from 'double' to 'GLfloat', possible loss of data
C:\Users\Jake\Documents\Visual Studio 2022\Projects\Pacman\Pacman\main.cpp(160,16): warning C4244: 'argument': conversion from 'double' to 'GLfloat', possible loss of data
C:\Users\Jake\Documents\Visual Studio 2022\Projects\Pacman\Pacman\main.cpp(278,19): warning C4244: '=': conversion from 'float' to 'int', possible loss of data
C:\Users\Jake\Documents\Visual Studio 2022\Projects\Pacman\Pacman\main.cpp(279,19): warning C4244: '=': conversion from 'float' to 'int', possible loss of data
C:\Users\Jake\Documents\Visual Studio 2022\Projects\Pacman\Pacman\main.cpp(281,7): warning C4834: discarding return value of function with 'nodiscard' attribute
C:\Users\Jake\Documents\Visual Studio 2022\Projects\Pacman\Pacman\main.cpp(282,7): warning C4834: discarding return value of function with 'nodiscard' attribute
C:\Users\Jake\Documents\Visual Studio 2022\Projects\Pacman\Pacman\main.cpp(434,21): warning C4244: 'argument': conversion from 'int' to 'GLfloat', possible loss of data
C:\Users\Jake\Documents\Visual Studio 2022\Projects\Pacman\Pacman\main.cpp(434,18): warning C4244: 'argument': conversion from 'int' to 'GLfloat', possible loss of data
C:\Users\Jake\Documents\Visual Studio 2022\Projects\Pacman\Pacman\main.cpp(487,21): warning C4244: 'argument': conversion from 'int' to 'GLfloat', possible loss of data
C:\Users\Jake\Documents\Visual Studio 2022\Projects\Pacman\Pacman\main.cpp(487,18): warning C4244: 'argument': conversion from 'int' to 'GLfloat', possible loss of data
C:\Users\Jake\Documents\Visual Studio 2022\Projects\Pacman\Pacman\main.cpp(496,21): warning C4244: 'argument': conversion from 'int' to 'GLfloat', possible loss of data
C:\Users\Jake\Documents\Visual Studio 2022\Projects\Pacman\Pacman\main.cpp(496,18): warning C4244: 'argument': conversion from 'int' to 'GLfloat', possible loss of data
C:\Users\Jake\Documents\Visual Studio 2022\Projects\Pacman\Pacman\main.cpp(505,21): warning C4244: 'argument': conversion from 'int' to 'GLfloat', possible loss of data
C:\Users\Jake\Documents\Visual Studio 2022\Projects\Pacman\Pacman\main.cpp(505,18): warning C4244: 'argument': conversion from 'int' to 'GLfloat', possible loss of data
C:\Users\Jake\Documents\Visual Studio 2022\Projects\Pacman\Pacman\main.cpp(517,21): warning C4244: 'argument': conversion from 'int' to 'GLfloat', possible loss of data
C:\Users\Jake\Documents\Visual Studio 2022\Projects\Pacman\Pacman\main.cpp(517,18): warning C4244: 'argument': conversion from 'int' to 'GLfloat', possible loss of data
C:\Users\Jake\Documents\Visual Studio 2022\Projects\Pacman\Pacman\main.cpp(525,21): warning C4244: 'argument': conversion from 'int' to 'GLfloat', possible loss of data
C:\Users\Jake\Documents\Visual Studio 2022\Projects\Pacman\Pacman\main.cpp(525,18): warning C4244: 'argument': conversion from 'int' to 'GLfloat', possible loss of data
C:\Program Files\Microsoft Visual Studio\2022\Community\VC\Tools\MSVC\14.34.31933\include\utility(304,39): warning C4244: '=': conversion from '_Ty' to '_Ty1', possible loss of data
          with
          [
              _Ty=int
          ]
          and
          [
              _Ty1=float
          ]
C:\Users\Jake\Documents\Visual Studio 2022\Projects\Pacman\Pacman\main.cpp(570,33): message : see reference to function template instantiation 'std::pair<float,float> &std::pair<float,float>::operator =<int,int,0>(std::pair<int,int> &&) noexcept' being compiled
C:\Users\Jake\Documents\Visual Studio 2022\Projects\Pacman\Pacman\main.cpp(570,17): message : see reference to function template instantiation 'std::pair<float,float> &std::pair<float,float>::operator =<int,int,0>(std::pair<int,int> &&) noexcept' being compiled
C:\Program Files\Microsoft Visual Studio\2022\Community\VC\Tools\MSVC\14.34.31933\include\utility(305,39): warning C4244: '=': conversion from '_Ty' to '_Ty2', possible loss of data
          with
          [
              _Ty=int
          ]
          and
          [
              _Ty2=float
          ]
  Pacman.vcxproj -> C:\Users\Jake\Documents\Visual Studio 2022\Projects\Pacman\x64\Debug\Pacman.exe
